  BathroomStrategy.cpp
  BedroomStrategy.cpp
  Game.cpp
C:\Users\olani\Desktop\wszystko\Uczelnia\pk4\git\Projekt\PetPal\Game.cpp(95,29): warning C4018: "<": niezgodność typu ze znakiem/bez znaku
C:\Users\olani\Desktop\wszystko\Uczelnia\pk4\git\Projekt\PetPal\Game.cpp(126,47): warning C4244: "argument": konwersja z "T" do "float", możliwa utrata danych
C:\Users\olani\Desktop\wszystko\Uczelnia\pk4\git\Projekt\PetPal\Game.cpp(126,47): warning C4244:         with
C:\Users\olani\Desktop\wszystko\Uczelnia\pk4\git\Projekt\PetPal\Game.cpp(126,47): warning C4244:         [
C:\Users\olani\Desktop\wszystko\Uczelnia\pk4\git\Projekt\PetPal\Game.cpp(126,47): warning C4244:             T=unsigned int
C:\Users\olani\Desktop\wszystko\Uczelnia\pk4\git\Projekt\PetPal\Game.cpp(126,47): warning C4244:         ]
C:\Users\olani\Desktop\wszystko\Uczelnia\pk4\git\Projekt\PetPal\Game.cpp(130,48): warning C4244: "argument": konwersja z "T" do "float", możliwa utrata danych
C:\Users\olani\Desktop\wszystko\Uczelnia\pk4\git\Projekt\PetPal\Game.cpp(130,48): warning C4244:         with
C:\Users\olani\Desktop\wszystko\Uczelnia\pk4\git\Projekt\PetPal\Game.cpp(130,48): warning C4244:         [
C:\Users\olani\Desktop\wszystko\Uczelnia\pk4\git\Projekt\PetPal\Game.cpp(130,48): warning C4244:             T=unsigned int
C:\Users\olani\Desktop\wszystko\Uczelnia\pk4\git\Projekt\PetPal\Game.cpp(130,48): warning C4244:         ]
C:\Users\olani\Desktop\wszystko\Uczelnia\pk4\git\Projekt\PetPal\Game.cpp(275,23): warning C4244: "inicjowanie": konwersja z "T" do "float", możliwa utrata danych
C:\Users\olani\Desktop\wszystko\Uczelnia\pk4\git\Projekt\PetPal\Game.cpp(275,23): warning C4244:         with
C:\Users\olani\Desktop\wszystko\Uczelnia\pk4\git\Projekt\PetPal\Game.cpp(275,23): warning C4244:         [
C:\Users\olani\Desktop\wszystko\Uczelnia\pk4\git\Projekt\PetPal\Game.cpp(275,23): warning C4244:             T=unsigned int
C:\Users\olani\Desktop\wszystko\Uczelnia\pk4\git\Projekt\PetPal\Game.cpp(275,23): warning C4244:         ]
  HealthBar.cpp
C:\Users\olani\Desktop\wszystko\Uczelnia\pk4\git\Projekt\PetPal\HealthBar.cpp(22,70): warning C4244: "argument": konwersja z "float" do "sf::Uint8", możliwa utrata danych
C:\Users\olani\Desktop\wszystko\Uczelnia\pk4\git\Projekt\PetPal\HealthBar.cpp(22,46): warning C4244: "argument": konwersja z "float" do "sf::Uint8", możliwa utrata danych
  HealthBarManager.cpp
  Interface.cpp
C:\Users\olani\Desktop\wszystko\Uczelnia\pk4\git\Projekt\PetPal\Interface.cpp(22,93): warning C4244: "argument": konwersja z "double" do "float", możliwa utrata danych
C:\Users\olani\Desktop\wszystko\Uczelnia\pk4\git\Projekt\PetPal\Interface.cpp(26,91): warning C4244: "argument": konwersja z "double" do "float", możliwa utrata danych
C:\Users\olani\Desktop\wszystko\Uczelnia\pk4\git\Projekt\PetPal\Interface.cpp(75,31): warning C4018: "<": niezgodność typu ze znakiem/bez znaku
C:\Users\olani\Desktop\wszystko\Uczelnia\pk4\git\Projekt\PetPal\Interface.cpp(85,23): warning C4018: "<": niezgodność typu ze znakiem/bez znaku
C:\Users\olani\Desktop\wszystko\Uczelnia\pk4\git\Projekt\PetPal\Interface.cpp(120,84): warning C4244: "argument": konwersja z "T" do "T", możliwa utrata danych
C:\Users\olani\Desktop\wszystko\Uczelnia\pk4\git\Projekt\PetPal\Interface.cpp(120,84): warning C4244:         with
C:\Users\olani\Desktop\wszystko\Uczelnia\pk4\git\Projekt\PetPal\Interface.cpp(120,84): warning C4244:         [
C:\Users\olani\Desktop\wszystko\Uczelnia\pk4\git\Projekt\PetPal\Interface.cpp(120,84): warning C4244:             T=unsigned int
C:\Users\olani\Desktop\wszystko\Uczelnia\pk4\git\Projekt\PetPal\Interface.cpp(120,84): warning C4244:         ]
C:\Users\olani\Desktop\wszystko\Uczelnia\pk4\git\Projekt\PetPal\Interface.cpp(120,84): warning C4244:         and
C:\Users\olani\Desktop\wszystko\Uczelnia\pk4\git\Projekt\PetPal\Interface.cpp(120,84): warning C4244:         [
C:\Users\olani\Desktop\wszystko\Uczelnia\pk4\git\Projekt\PetPal\Interface.cpp(120,84): warning C4244:             T=float
C:\Users\olani\Desktop\wszystko\Uczelnia\pk4\git\Projekt\PetPal\Interface.cpp(120,84): warning C4244:         ]
C:\Users\olani\Desktop\wszystko\Uczelnia\pk4\git\Projekt\PetPal\Interface.cpp(120,64): warning C4244: "argument": konwersja z "T" do "T", możliwa utrata danych
C:\Users\olani\Desktop\wszystko\Uczelnia\pk4\git\Projekt\PetPal\Interface.cpp(120,64): warning C4244:         with
C:\Users\olani\Desktop\wszystko\Uczelnia\pk4\git\Projekt\PetPal\Interface.cpp(120,64): warning C4244:         [
C:\Users\olani\Desktop\wszystko\Uczelnia\pk4\git\Projekt\PetPal\Interface.cpp(120,64): warning C4244:             T=unsigned int
C:\Users\olani\Desktop\wszystko\Uczelnia\pk4\git\Projekt\PetPal\Interface.cpp(120,64): warning C4244:         ]
C:\Users\olani\Desktop\wszystko\Uczelnia\pk4\git\Projekt\PetPal\Interface.cpp(120,64): warning C4244:         and
C:\Users\olani\Desktop\wszystko\Uczelnia\pk4\git\Projekt\PetPal\Interface.cpp(120,64): warning C4244:         [
C:\Users\olani\Desktop\wszystko\Uczelnia\pk4\git\Projekt\PetPal\Interface.cpp(120,64): warning C4244:             T=float
C:\Users\olani\Desktop\wszystko\Uczelnia\pk4\git\Projekt\PetPal\Interface.cpp(120,64): warning C4244:         ]
  KitchenStrategy.cpp
  PetPal.cpp
C:\Users\olani\Desktop\wszystko\Uczelnia\pk4\git\Projekt\PetPal\PetPal.cpp(17,51): warning C4244: "argument": konwersja z "T" do "float", możliwa utrata danych
C:\Users\olani\Desktop\wszystko\Uczelnia\pk4\git\Projekt\PetPal\PetPal.cpp(17,51): warning C4244:         with
C:\Users\olani\Desktop\wszystko\Uczelnia\pk4\git\Projekt\PetPal\PetPal.cpp(17,51): warning C4244:         [
C:\Users\olani\Desktop\wszystko\Uczelnia\pk4\git\Projekt\PetPal\PetPal.cpp(17,51): warning C4244:             T=unsigned int
C:\Users\olani\Desktop\wszystko\Uczelnia\pk4\git\Projekt\PetPal\PetPal.cpp(17,51): warning C4244:         ]
C:\Users\olani\Desktop\wszystko\Uczelnia\pk4\git\Projekt\PetPal\PetPal.cpp(17,31): warning C4244: "argument": konwersja z "T" do "float", możliwa utrata danych
C:\Users\olani\Desktop\wszystko\Uczelnia\pk4\git\Projekt\PetPal\PetPal.cpp(17,31): warning C4244:         with
C:\Users\olani\Desktop\wszystko\Uczelnia\pk4\git\Projekt\PetPal\PetPal.cpp(17,31): warning C4244:         [
C:\Users\olani\Desktop\wszystko\Uczelnia\pk4\git\Projekt\PetPal\PetPal.cpp(17,31): warning C4244:             T=unsigned int
C:\Users\olani\Desktop\wszystko\Uczelnia\pk4\git\Projekt\PetPal\PetPal.cpp(17,31): warning C4244:         ]
  PlayRoomStrategy.cpp
C:\Users\olani\Desktop\wszystko\Uczelnia\pk4\git\Projekt\PetPal\PlayRoomStrategy.cpp(11,101): warning C4244: "argument": konwersja z "T" do "T", możliwa utrata danych
C:\Users\olani\Desktop\wszystko\Uczelnia\pk4\git\Projekt\PetPal\PlayRoomStrategy.cpp(11,101): warning C4244:         with
C:\Users\olani\Desktop\wszystko\Uczelnia\pk4\git\Projekt\PetPal\PlayRoomStrategy.cpp(11,101): warning C4244:         [
C:\Users\olani\Desktop\wszystko\Uczelnia\pk4\git\Projekt\PetPal\PlayRoomStrategy.cpp(11,101): warning C4244:             T=unsigned int
C:\Users\olani\Desktop\wszystko\Uczelnia\pk4\git\Projekt\PetPal\PlayRoomStrategy.cpp(11,101): warning C4244:         ]
C:\Users\olani\Desktop\wszystko\Uczelnia\pk4\git\Projekt\PetPal\PlayRoomStrategy.cpp(11,101): warning C4244:         and
C:\Users\olani\Desktop\wszystko\Uczelnia\pk4\git\Projekt\PetPal\PlayRoomStrategy.cpp(11,101): warning C4244:         [
C:\Users\olani\Desktop\wszystko\Uczelnia\pk4\git\Projekt\PetPal\PlayRoomStrategy.cpp(11,101): warning C4244:             T=float
C:\Users\olani\Desktop\wszystko\Uczelnia\pk4\git\Projekt\PetPal\PlayRoomStrategy.cpp(11,101): warning C4244:         ]
C:\Users\olani\Desktop\wszystko\Uczelnia\pk4\git\Projekt\PetPal\PlayRoomStrategy.cpp(11,55): warning C4244: "argument": konwersja z "T" do "T", możliwa utrata danych
C:\Users\olani\Desktop\wszystko\Uczelnia\pk4\git\Projekt\PetPal\PlayRoomStrategy.cpp(11,55): warning C4244:         with
C:\Users\olani\Desktop\wszystko\Uczelnia\pk4\git\Projekt\PetPal\PlayRoomStrategy.cpp(11,55): warning C4244:         [
C:\Users\olani\Desktop\wszystko\Uczelnia\pk4\git\Projekt\PetPal\PlayRoomStrategy.cpp(11,55): warning C4244:             T=unsigned int
C:\Users\olani\Desktop\wszystko\Uczelnia\pk4\git\Projekt\PetPal\PlayRoomStrategy.cpp(11,55): warning C4244:         ]
C:\Users\olani\Desktop\wszystko\Uczelnia\pk4\git\Projekt\PetPal\PlayRoomStrategy.cpp(11,55): warning C4244:         and
C:\Users\olani\Desktop\wszystko\Uczelnia\pk4\git\Projekt\PetPal\PlayRoomStrategy.cpp(11,55): warning C4244:         [
C:\Users\olani\Desktop\wszystko\Uczelnia\pk4\git\Projekt\PetPal\PlayRoomStrategy.cpp(11,55): warning C4244:             T=float
C:\Users\olani\Desktop\wszystko\Uczelnia\pk4\git\Projekt\PetPal\PlayRoomStrategy.cpp(11,55): warning C4244:         ]
  Puppy.cpp
  PuppyBuilder.cpp
  PuppyNamingMenu.cpp
  RoomInteraction.cpp
C:\Users\olani\Desktop\wszystko\Uczelnia\pk4\git\Projekt\PetPal\RoomInteraction.cpp(43,19): warning C4244: "inicjowanie": konwersja z "int" do "float", możliwa utrata danych
C:\Users\olani\Desktop\wszystko\Uczelnia\pk4\git\Projekt\PetPal\RoomInteraction.cpp(44,19): warning C4244: "inicjowanie": konwersja z "int" do "float", możliwa utrata danych
  Generowanie kodu...
BathroomStrategy.obj : error LNK2019: nierozpoznany symbol zewnętrzny "__declspec(dllimport) public: float __thiscall sf::Time::asSeconds(void)const " (__imp_?asSeconds@Time@sf@@QBEMXZ) przywołany w funkcji "private: void __thiscall BathroomStrategy::checkCollisionWithPuppy(class sf::Sprite &,class HealthBarManager &)" (?checkCollisionWithPuppy@BathroomStrategy@@AAEXAAVSprite@sf@@AAVHealthBarManager@@@Z)
Game.obj : error LNK2001: nierozpoznany symbol zewnętrzny "__declspec(dllimport) public: float __thiscall sf::Time::asSeconds(void)const " (__imp_?asSeconds@Time@sf@@QBEMXZ)
PlayRoomStrategy.obj : error LNK2001: nierozpoznany symbol zewnętrzny "__declspec(dllimport) public: float __thiscall sf::Time::asSeconds(void)const " (__imp_?asSeconds@Time@sf@@QBEMXZ)
BathroomStrategy.obj : error LNK2019: nierozpoznany symbol zewnętrzny "__declspec(dllimport) public: __thiscall sf::Clock::Clock(void)" (__imp_??0Clock@sf@@QAE@XZ) przywołany w funkcji "public: __thiscall BathroomStrategy::BathroomStrategy(class sf::RenderWindow &,class RoomInteraction &)" (??0BathroomStrategy@@QAE@AAVRenderWindow@sf@@AAVRoomInteraction@@@Z)
Game.obj : error LNK2001: nierozpoznany symbol zewnętrzny "__declspec(dllimport) public: __thiscall sf::Clock::Clock(void)" (__imp_??0Clock@sf@@QAE@XZ)
PlayRoomStrategy.obj : error LNK2001: nierozpoznany symbol zewnętrzny "__declspec(dllimport) public: __thiscall sf::Clock::Clock(void)" (__imp_??0Clock@sf@@QAE@XZ)
BathroomStrategy.obj : error LNK2019: nierozpoznany symbol zewnętrzny "__declspec(dllimport) public: class sf::Time __thiscall sf::Clock::getElapsedTime(void)const " (__imp_?getElapsedTime@Clock@sf@@QBE?AVTime@2@XZ) przywołany w funkcji "private: void __thiscall BathroomStrategy::checkCollisionWithPuppy(class sf::Sprite &,class HealthBarManager &)" (?checkCollisionWithPuppy@BathroomStrategy@@AAEXAAVSprite@sf@@AAVHealthBarManager@@@Z)
BathroomStrategy.obj : error LNK2019: nierozpoznany symbol zewnętrzny "__declspec(dllimport) public: class sf::Time __thiscall sf::Clock::restart(void)" (__imp_?restart@Clock@sf@@QAE?AVTime@2@XZ) przywołany w funkcji "private: void __thiscall BathroomStrategy::checkCollisionWithPuppy(class sf::Sprite &,class HealthBarManager &)" (?checkCollisionWithPuppy@BathroomStrategy@@AAEXAAVSprite@sf@@AAVHealthBarManager@@@Z)
Game.obj : error LNK2001: nierozpoznany symbol zewnętrzny "__declspec(dllimport) public: class sf::Time __thiscall sf::Clock::restart(void)" (__imp_?restart@Clock@sf@@QAE?AVTime@2@XZ)
PlayRoomStrategy.obj : error LNK2001: nierozpoznany symbol zewnętrzny "__declspec(dllimport) public: class sf::Time __thiscall sf::Clock::restart(void)" (__imp_?restart@Clock@sf@@QAE?AVTime@2@XZ)
KitchenStrategy.obj : error LNK2001: nierozpoznany symbol zewnętrzny "__declspec(dllimport) public: static class sf::Vector2<int> __cdecl sf::Mouse::getPosition(class sf::WindowBase const &)" (__imp_?getPosition@Mouse@sf@@SA?AV?$Vector2@H@2@ABVWindowBase@2@@Z)
PlayRoomStrategy.obj : error LNK2001: nierozpoznany symbol zewnętrzny "__declspec(dllimport) public: static class sf::Vector2<int> __cdecl sf::Mouse::getPosition(class sf::WindowBase const &)" (__imp_?getPosition@Mouse@sf@@SA?AV?$Vector2@H@2@ABVWindowBase@2@@Z)
BathroomStrategy.obj : error LNK2001: nierozpoznany symbol zewnętrzny "__declspec(dllimport) public: static class sf::Vector2<int> __cdecl sf::Mouse::getPosition(class sf::WindowBase const &)" (__imp_?getPosition@Mouse@sf@@SA?AV?$Vector2@H@2@ABVWindowBase@2@@Z)
BedroomStrategy.obj : error LNK2001: nierozpoznany symbol zewnętrzny "__declspec(dllimport) public: static class sf::Vector2<int> __cdecl sf::Mouse::getPosition(class sf::WindowBase const &)" (__imp_?getPosition@Mouse@sf@@SA?AV?$Vector2@H@2@ABVWindowBase@2@@Z)
Game.obj : error LNK2001: nierozpoznany symbol zewnętrzny "__declspec(dllimport) public: static class sf::Vector2<int> __cdecl sf::Mouse::getPosition(class sf::WindowBase const &)" (__imp_?getPosition@Mouse@sf@@SA?AV?$Vector2@H@2@ABVWindowBase@2@@Z)
Interface.obj : error LNK2001: nierozpoznany symbol zewnętrzny "__declspec(dllimport) public: static class sf::Vector2<int> __cdecl sf::Mouse::getPosition(class sf::WindowBase const &)" (__imp_?getPosition@Mouse@sf@@SA?AV?$Vector2@H@2@ABVWindowBase@2@@Z)
Interface.obj : error LNK2001: nierozpoznany symbol zewnętrzny "__declspec(dllimport) public: void __thiscall sf::Transformable::setPosition(float,float)" (__imp_?setPosition@Transformable@sf@@QAEXMM@Z)
KitchenStrategy.obj : error LNK2001: nierozpoznany symbol zewnętrzny "__declspec(dllimport) public: void __thiscall sf::Transformable::setPosition(float,float)" (__imp_?setPosition@Transformable@sf@@QAEXMM@Z)
PuppyNamingMenu.obj : error LNK2001: nierozpoznany symbol zewnętrzny "__declspec(dllimport) public: void __thiscall sf::Transformable::setPosition(float,float)" (__imp_?setPosition@Transformable@sf@@QAEXMM@Z)
RoomInteraction.obj : error LNK2001: nierozpoznany symbol zewnętrzny "__declspec(dllimport) public: void __thiscall sf::Transformable::setPosition(float,float)" (__imp_?setPosition@Transformable@sf@@QAEXMM@Z)
BathroomStrategy.obj : error LNK2001: nierozpoznany symbol zewnętrzny "__declspec(dllimport) public: void __thiscall sf::Transformable::setPosition(float,float)" (__imp_?setPosition@Transformable@sf@@QAEXMM@Z)
BedroomStrategy.obj : error LNK2001: nierozpoznany symbol zewnętrzny "__declspec(dllimport) public: void __thiscall sf::Transformable::setPosition(float,float)" (__imp_?setPosition@Transformable@sf@@QAEXMM@Z)
Game.obj : error LNK2001: nierozpoznany symbol zewnętrzny "__declspec(dllimport) public: void __thiscall sf::Transformable::setPosition(float,float)" (__imp_?setPosition@Transformable@sf@@QAEXMM@Z)
HealthBar.obj : error LNK2001: nierozpoznany symbol zewnętrzny "__declspec(dllimport) public: void __thiscall sf::Transformable::setPosition(float,float)" (__imp_?setPosition@Transformable@sf@@QAEXMM@Z)
BathroomStrategy.obj : error LNK2019: nierozpoznany symbol zewnętrzny "__declspec(dllimport) public: void __thiscall sf::Transformable::setPosition(class sf::Vector2<float> const &)" (__imp_?setPosition@Transformable@sf@@QAEXABV?$Vector2@M@2@@Z) przywołany w funkcji "public: __thiscall BathroomStrategy::BathroomStrategy(class sf::RenderWindow &,class RoomInteraction &)" (??0BathroomStrategy@@QAE@AAVRenderWindow@sf@@AAVRoomInteraction@@@Z)
HealthBar.obj : error LNK2001: nierozpoznany symbol zewnętrzny "__declspec(dllimport) public: void __thiscall sf::Transformable::setPosition(class sf::Vector2<float> const &)" (__imp_?setPosition@Transformable@sf@@QAEXABV?$Vector2@M@2@@Z)
PlayRoomStrategy.obj : error LNK2001: nierozpoznany symbol zewnętrzny "__declspec(dllimport) public: void __thiscall sf::Transformable::setPosition(class sf::Vector2<float> const &)" (__imp_?setPosition@Transformable@sf@@QAEXABV?$Vector2@M@2@@Z)
BathroomStrategy.obj : error LNK2019: nierozpoznany symbol zewnętrzny "__declspec(dllimport) public: class sf::Vector2<float> const & __thiscall sf::Transformable::getPosition(void)const " (__imp_?getPosition@Transformable@sf@@QBEABV?$Vector2@M@2@XZ) przywołany w funkcji "private: void __thiscall BathroomStrategy::checkCollisionWithPuppy(class sf::Sprite &,class HealthBarManager &)" (?checkCollisionWithPuppy@BathroomStrategy@@AAEXAAVSprite@sf@@AAVHealthBarManager@@@Z)
KitchenStrategy.obj : error LNK2001: nierozpoznany symbol zewnętrzny "__declspec(dllimport) public: class sf::Vector2<float> const & __thiscall sf::Transformable::getPosition(void)const " (__imp_?getPosition@Transformable@sf@@QBEABV?$Vector2@M@2@XZ)
PlayRoomStrategy.obj : error LNK2001: nierozpoznany symbol zewnętrzny "__declspec(dllimport) public: class sf::Vector2<float> const & __thiscall sf::Transformable::getPosition(void)const " (__imp_?getPosition@Transformable@sf@@QBEABV?$Vector2@M@2@XZ)
RoomInteraction.obj : error LNK2001: nierozpoznany symbol zewnętrzny "__declspec(dllimport) public: class sf::Vector2<float> const & __thiscall sf::Transformable::getPosition(void)const " (__imp_?getPosition@Transformable@sf@@QBEABV?$Vector2@M@2@XZ)
BathroomStrategy.obj : error LNK2019: nierozpoznany symbol zewnętrzny "__declspec(dllimport) public: class sf::Rect<float> __thiscall sf::Shape::getGlobalBounds(void)const " (__imp_?getGlobalBounds@Shape@sf@@QBE?AV?$Rect@M@2@XZ) przywołany w funkcji "private: void __thiscall BathroomStrategy::removeStain(class sf::RenderWindow &,class sf::Sprite &,class HealthBarManager &)" (?removeStain@BathroomStrategy@@AAEXAAVRenderWindow@sf@@AAVSprite@3@AAVHealthBarManager@@@Z)
KitchenStrategy.obj : error LNK2001: nierozpoznany symbol zewnętrzny "__declspec(dllimport) public: class sf::Rect<float> __thiscall sf::Shape::getGlobalBounds(void)const " (__imp_?getGlobalBounds@Shape@sf@@QBE?AV?$Rect@M@2@XZ)
BathroomStrategy.obj : error LNK2019: nierozpoznany symbol zewnętrzny "__declspec(dllimport) public: class sf::CircleShape & __thiscall sf::CircleShape::operator=(class sf::CircleShape &&)" (__imp_??4CircleShape@sf@@QAEAAV01@$$QAV01@@Z) przywołany w funkcji "class sf::CircleShape * __cdecl std::_Move_unchecked<class sf::CircleShape *,class sf::CircleShape *>(class sf::CircleShape *,class sf::CircleShape *,class sf::CircleShape *)" (??$_Move_unchecked@PAVCircleShape@sf@@PAV12@@std@@YAPAVCircleShape@sf@@PAV12@00@Z)
Interface.obj : error LNK2019: nierozpoznany symbol zewnętrzny "__declspec(dllimport) public: __thiscall sf::Texture::Texture(void)" (__imp_??0Texture@sf@@QAE@XZ) przywołany w funkcji "void __cdecl std::_Deallocate<8,0>(void *,unsigned int)" (??$_Deallocate@$07$0A@@std@@YAXPAXI@Z)
KitchenStrategy.obj : error LNK2001: nierozpoznany symbol zewnętrzny "__declspec(dllimport) public: __thiscall sf::Texture::Texture(void)" (__imp_??0Texture@sf@@QAE@XZ)
PlayRoomStrategy.obj : error LNK2001: nierozpoznany symbol zewnętrzny "__declspec(dllimport) public: __thiscall sf::Texture::Texture(void)" (__imp_??0Texture@sf@@QAE@XZ)
RoomInteraction.obj : error LNK2001: nierozpoznany symbol zewnętrzny "__declspec(dllimport) public: __thiscall sf::Texture::Texture(void)" (__imp_??0Texture@sf@@QAE@XZ)
BathroomStrategy.obj : error LNK2001: nierozpoznany symbol zewnętrzny "__declspec(dllimport) public: __thiscall sf::Texture::Texture(void)" (__imp_??0Texture@sf@@QAE@XZ)
BedroomStrategy.obj : error LNK2001: nierozpoznany symbol zewnętrzny "__declspec(dllimport) public: __thiscall sf::Texture::Texture(void)" (__imp_??0Texture@sf@@QAE@XZ)
Game.obj : error LNK2001: nierozpoznany symbol zewnętrzny "__declspec(dllimport) public: __thiscall sf::Texture::Texture(void)" (__imp_??0Texture@sf@@QAE@XZ)
HealthBarManager.obj : error LNK2001: nierozpoznany symbol zewnętrzny "__declspec(dllimport) public: __thiscall sf::Texture::Texture(void)" (__imp_??0Texture@sf@@QAE@XZ)
Interface.obj : error LNK2019: nierozpoznany symbol zewnętrzny "__declspec(dllimport) public: __thiscall sf::Texture::~Texture(void)" (__imp_??1Texture@sf@@QAE@XZ) przywołany w funkcji "void __cdecl std::_Construct_in_place<struct std::_Container_proxy,struct std::_Container_base12 *>(struct std::_Container_proxy &,struct std::_Container_base12 * &&)" (??$_Construct_in_place@U_Container_proxy@std@@PAU_Container_base12@2@@std@@YAXAAU_Container_proxy@0@$$QAPAU_Container_base12@0@@Z)
KitchenStrategy.obj : error LNK2001: nierozpoznany symbol zewnętrzny "__declspec(dllimport) public: __thiscall sf::Texture::~Texture(void)" (__imp_??1Texture@sf@@QAE@XZ)
PlayRoomStrategy.obj : error LNK2001: nierozpoznany symbol zewnętrzny "__declspec(dllimport) public: __thiscall sf::Texture::~Texture(void)" (__imp_??1Texture@sf@@QAE@XZ)
RoomInteraction.obj : error LNK2001: nierozpoznany symbol zewnętrzny "__declspec(dllimport) public: __thiscall sf::Texture::~Texture(void)" (__imp_??1Texture@sf@@QAE@XZ)
BathroomStrategy.obj : error LNK2001: nierozpoznany symbol zewnętrzny "__declspec(dllimport) public: __thiscall sf::Texture::~Texture(void)" (__imp_??1Texture@sf@@QAE@XZ)
BedroomStrategy.obj : error LNK2001: nierozpoznany symbol zewnętrzny "__declspec(dllimport) public: __thiscall sf::Texture::~Texture(void)" (__imp_??1Texture@sf@@QAE@XZ)
Game.obj : error LNK2001: nierozpoznany symbol zewnętrzny "__declspec(dllimport) public: __thiscall sf::Texture::~Texture(void)" (__imp_??1Texture@sf@@QAE@XZ)
HealthBarManager.obj : error LNK2001: nierozpoznany symbol zewnętrzny "__declspec(dllimport) public: __thiscall sf::Texture::~Texture(void)" (__imp_??1Texture@sf@@QAE@XZ)
RoomInteraction.obj : error LNK2001: nierozpoznany symbol zewnętrzny "__declspec(dllimport) public: bool __thiscall sf::Texture::loadFromFile(class std::basic_string<char,struct std::char_traits<char>,class std::allocator<char> > const &,class sf::Rect<int> const &)" (__imp_?loadFromFile@Texture@sf@@QAE_NABV?$basic_string@DU?$char_traits@D@std@@V?$allocator@D@2@@std@@ABV?$Rect@H@2@@Z)
Interface.obj : error LNK2001: nierozpoznany symbol zewnętrzny "__declspec(dllimport) public: bool __thiscall sf::Texture::loadFromFile(class std::basic_string<char,struct std::char_traits<char>,class std::allocator<char> > const &,class sf::Rect<int> const &)" (__imp_?loadFromFile@Texture@sf@@QAE_NABV?$basic_string@DU?$char_traits@D@std@@V?$allocator@D@2@@std@@ABV?$Rect@H@2@@Z)
KitchenStrategy.obj : error LNK2001: nierozpoznany symbol zewnętrzny "__declspec(dllimport) public: bool __thiscall sf::Texture::loadFromFile(class std::basic_string<char,struct std::char_traits<char>,class std::allocator<char> > const &,class sf::Rect<int> const &)" (__imp_?loadFromFile@Texture@sf@@QAE_NABV?$basic_string@DU?$char_traits@D@std@@V?$allocator@D@2@@std@@ABV?$Rect@H@2@@Z)
PlayRoomStrategy.obj : error LNK2001: nierozpoznany symbol zewnętrzny "__declspec(dllimport) public: bool __thiscall sf::Texture::loadFromFile(class std::basic_string<char,struct std::char_traits<char>,class std::allocator<char> > const &,class sf::Rect<int> const &)" (__imp_?loadFromFile@Texture@sf@@QAE_NABV?$basic_string@DU?$char_traits@D@std@@V?$allocator@D@2@@std@@ABV?$Rect@H@2@@Z)
Puppy.obj : error LNK2001: nierozpoznany symbol zewnętrzny "__declspec(dllimport) public: bool __thiscall sf::Texture::loadFromFile(class std::basic_string<char,struct std::char_traits<char>,class std::allocator<char> > const &,class sf::Rect<int> const &)" (__imp_?loadFromFile@Texture@sf@@QAE_NABV?$basic_string@DU?$char_traits@D@std@@V?$allocator@D@2@@std@@ABV?$Rect@H@2@@Z)
BathroomStrategy.obj : error LNK2001: nierozpoznany symbol zewnętrzny "__declspec(dllimport) public: bool __thiscall sf::Texture::loadFromFile(class std::basic_string<char,struct std::char_traits<char>,class std::allocator<char> > const &,class sf::Rect<int> const &)" (__imp_?loadFromFile@Texture@sf@@QAE_NABV?$basic_string@DU?$char_traits@D@std@@V?$allocator@D@2@@std@@ABV?$Rect@H@2@@Z)
BedroomStrategy.obj : error LNK2001: nierozpoznany symbol zewnętrzny "__declspec(dllimport) public: bool __thiscall sf::Texture::loadFromFile(class std::basic_string<char,struct std::char_traits<char>,class std::allocator<char> > const &,class sf::Rect<int> const &)" (__imp_?loadFromFile@Texture@sf@@QAE_NABV?$basic_string@DU?$char_traits@D@std@@V?$allocator@D@2@@std@@ABV?$Rect@H@2@@Z)
Game.obj : error LNK2001: nierozpoznany symbol zewnętrzny "__declspec(dllimport) public: bool __thiscall sf::Texture::loadFromFile(class std::basic_string<char,struct std::char_traits<char>,class std::allocator<char> > const &,class sf::Rect<int> const &)" (__imp_?loadFromFile@Texture@sf@@QAE_NABV?$basic_string@DU?$char_traits@D@std@@V?$allocator@D@2@@std@@ABV?$Rect@H@2@@Z)
HealthBarManager.obj : error LNK2001: nierozpoznany symbol zewnętrzny "__declspec(dllimport) public: bool __thiscall sf::Texture::loadFromFile(class std::basic_string<char,struct std::char_traits<char>,class std::allocator<char> > const &,class sf::Rect<int> const &)" (__imp_?loadFromFile@Texture@sf@@QAE_NABV?$basic_string@DU?$char_traits@D@std@@V?$allocator@D@2@@std@@ABV?$Rect@H@2@@Z)
PuppyNamingMenu.obj : error LNK2001: nierozpoznany symbol zewnętrzny "__declspec(dllimport) public: void __thiscall sf::RenderTarget::draw(class sf::Drawable const &,class sf::RenderStates const &)" (__imp_?draw@RenderTarget@sf@@QAEXABVDrawable@2@ABVRenderStates@2@@Z)
RoomInteraction.obj : error LNK2001: nierozpoznany symbol zewnętrzny "__declspec(dllimport) public: void __thiscall sf::RenderTarget::draw(class sf::Drawable const &,class sf::RenderStates const &)" (__imp_?draw@RenderTarget@sf@@QAEXABVDrawable@2@ABVRenderStates@2@@Z)
Interface.obj : error LNK2001: nierozpoznany symbol zewnętrzny "__declspec(dllimport) public: void __thiscall sf::RenderTarget::draw(class sf::Drawable const &,class sf::RenderStates const &)" (__imp_?draw@RenderTarget@sf@@QAEXABVDrawable@2@ABVRenderStates@2@@Z)
KitchenStrategy.obj : error LNK2001: nierozpoznany symbol zewnętrzny "__declspec(dllimport) public: void __thiscall sf::RenderTarget::draw(class sf::Drawable const &,class sf::RenderStates const &)" (__imp_?draw@RenderTarget@sf@@QAEXABVDrawable@2@ABVRenderStates@2@@Z)
PlayRoomStrategy.obj : error LNK2001: nierozpoznany symbol zewnętrzny "__declspec(dllimport) public: void __thiscall sf::RenderTarget::draw(class sf::Drawable const &,class sf::RenderStates const &)" (__imp_?draw@RenderTarget@sf@@QAEXABVDrawable@2@ABVRenderStates@2@@Z)
Puppy.obj : error LNK2001: nierozpoznany symbol zewnętrzny "__declspec(dllimport) public: void __thiscall sf::RenderTarget::draw(class sf::Drawable const &,class sf::RenderStates const &)" (__imp_?draw@RenderTarget@sf@@QAEXABVDrawable@2@ABVRenderStates@2@@Z)
BathroomStrategy.obj : error LNK2001: nierozpoznany symbol zewnętrzny "__declspec(dllimport) public: void __thiscall sf::RenderTarget::draw(class sf::Drawable const &,class sf::RenderStates const &)" (__imp_?draw@RenderTarget@sf@@QAEXABVDrawable@2@ABVRenderStates@2@@Z)
BedroomStrategy.obj : error LNK2001: nierozpoznany symbol zewnętrzny "__declspec(dllimport) public: void __thiscall sf::RenderTarget::draw(class sf::Drawable const &,class sf::RenderStates const &)" (__imp_?draw@RenderTarget@sf@@QAEXABVDrawable@2@ABVRenderStates@2@@Z)
Game.obj : error LNK2001: nierozpoznany symbol zewnętrzny "__declspec(dllimport) public: void __thiscall sf::RenderTarget::draw(class sf::Drawable const &,class sf::RenderStates const &)" (__imp_?draw@RenderTarget@sf@@QAEXABVDrawable@2@ABVRenderStates@2@@Z)
HealthBar.obj : error LNK2001: nierozpoznany symbol zewnętrzny "__declspec(dllimport) public: void __thiscall sf::RenderTarget::draw(class sf::Drawable const &,class sf::RenderStates const &)" (__imp_?draw@RenderTarget@sf@@QAEXABVDrawable@2@ABVRenderStates@2@@Z)
Interface.obj : error LNK2019: nierozpoznany symbol zewnętrzny "__declspec(dllimport) public: __thiscall sf::Sprite::Sprite(void)" (__imp_??0Sprite@sf@@QAE@XZ) przywołany w funkcji "public: void __thiscall std::_Container_base12::_Orphan_all(void)" (?_Orphan_all@_Container_base12@std@@QAEXXZ)
KitchenStrategy.obj : error LNK2001: nierozpoznany symbol zewnętrzny "__declspec(dllimport) public: __thiscall sf::Sprite::Sprite(void)" (__imp_??0Sprite@sf@@QAE@XZ)
PlayRoomStrategy.obj : error LNK2001: nierozpoznany symbol zewnętrzny "__declspec(dllimport) public: __thiscall sf::Sprite::Sprite(void)" (__imp_??0Sprite@sf@@QAE@XZ)
PuppyNamingMenu.obj : error LNK2001: nierozpoznany symbol zewnętrzny "__declspec(dllimport) public: __thiscall sf::Sprite::Sprite(void)" (__imp_??0Sprite@sf@@QAE@XZ)
BathroomStrategy.obj : error LNK2001: nierozpoznany symbol zewnętrzny "__declspec(dllimport) public: __thiscall sf::Sprite::Sprite(void)" (__imp_??0Sprite@sf@@QAE@XZ)
BedroomStrategy.obj : error LNK2001: nierozpoznany symbol zewnętrzny "__declspec(dllimport) public: __thiscall sf::Sprite::Sprite(void)" (__imp_??0Sprite@sf@@QAE@XZ)
Game.obj : error LNK2001: nierozpoznany symbol zewnętrzny "__declspec(dllimport) public: __thiscall sf::Sprite::Sprite(void)" (__imp_??0Sprite@sf@@QAE@XZ)
HealthBar.obj : error LNK2001: nierozpoznany symbol zewnętrzny "__declspec(dllimport) public: __thiscall sf::Sprite::Sprite(void)" (__imp_??0Sprite@sf@@QAE@XZ)
PuppyNamingMenu.obj : error LNK2001: nierozpoznany symbol zewnętrzny "__declspec(dllimport) public: void __thiscall sf::Sprite::setTexture(class sf::Texture const &,bool)" (__imp_?setTexture@Sprite@sf@@QAEXABVTexture@2@_N@Z)
Interface.obj : error LNK2001: nierozpoznany symbol zewnętrzny "__declspec(dllimport) public: void __thiscall sf::Sprite::setTexture(class sf::Texture const &,bool)" (__imp_?setTexture@Sprite@sf@@QAEXABVTexture@2@_N@Z)
KitchenStrategy.obj : error LNK2001: nierozpoznany symbol zewnętrzny "__declspec(dllimport) public: void __thiscall sf::Sprite::setTexture(class sf::Texture const &,bool)" (__imp_?setTexture@Sprite@sf@@QAEXABVTexture@2@_N@Z)
PlayRoomStrategy.obj : error LNK2001: nierozpoznany symbol zewnętrzny "__declspec(dllimport) public: void __thiscall sf::Sprite::setTexture(class sf::Texture const &,bool)" (__imp_?setTexture@Sprite@sf@@QAEXABVTexture@2@_N@Z)
Puppy.obj : error LNK2001: nierozpoznany symbol zewnętrzny "__declspec(dllimport) public: void __thiscall sf::Sprite::setTexture(class sf::Texture const &,bool)" (__imp_?setTexture@Sprite@sf@@QAEXABVTexture@2@_N@Z)
BathroomStrategy.obj : error LNK2001: nierozpoznany symbol zewnętrzny "__declspec(dllimport) public: void __thiscall sf::Sprite::setTexture(class sf::Texture const &,bool)" (__imp_?setTexture@Sprite@sf@@QAEXABVTexture@2@_N@Z)
BedroomStrategy.obj : error LNK2001: nierozpoznany symbol zewnętrzny "__declspec(dllimport) public: void __thiscall sf::Sprite::setTexture(class sf::Texture const &,bool)" (__imp_?setTexture@Sprite@sf@@QAEXABVTexture@2@_N@Z)
Game.obj : error LNK2001: nierozpoznany symbol zewnętrzny "__declspec(dllimport) public: void __thiscall sf::Sprite::setTexture(class sf::Texture const &,bool)" (__imp_?setTexture@Sprite@sf@@QAEXABVTexture@2@_N@Z)
HealthBar.obj : error LNK2001: nierozpoznany symbol zewnętrzny "__declspec(dllimport) public: void __thiscall sf::Sprite::setTexture(class sf::Texture const &,bool)" (__imp_?setTexture@Sprite@sf@@QAEXABVTexture@2@_N@Z)
PlayRoomStrategy.obj : error LNK2001: nierozpoznany symbol zewnętrzny "__declspec(dllimport) public: class sf::Rect<float> __thiscall sf::Sprite::getGlobalBounds(void)const " (__imp_?getGlobalBounds@Sprite@sf@@QBE?AV?$Rect@M@2@XZ)
RoomInteraction.obj : error LNK2001: nierozpoznany symbol zewnętrzny "__declspec(dllimport) public: class sf::Rect<float> __thiscall sf::Sprite::getGlobalBounds(void)const " (__imp_?getGlobalBounds@Sprite@sf@@QBE?AV?$Rect@M@2@XZ)
BathroomStrategy.obj : error LNK2001: nierozpoznany symbol zewnętrzny "__declspec(dllimport) public: class sf::Rect<float> __thiscall sf::Sprite::getGlobalBounds(void)const " (__imp_?getGlobalBounds@Sprite@sf@@QBE?AV?$Rect@M@2@XZ)
Game.obj : error LNK2001: nierozpoznany symbol zewnętrzny "__declspec(dllimport) public: class sf::Rect<float> __thiscall sf::Sprite::getGlobalBounds(void)const " (__imp_?getGlobalBounds@Sprite@sf@@QBE?AV?$Rect@M@2@XZ)
Interface.obj : error LNK2001: nierozpoznany symbol zewnętrzny "__declspec(dllimport) public: class sf::Rect<float> __thiscall sf::Sprite::getGlobalBounds(void)const " (__imp_?getGlobalBounds@Sprite@sf@@QBE?AV?$Rect@M@2@XZ)
KitchenStrategy.obj : error LNK2001: nierozpoznany symbol zewnętrzny "__declspec(dllimport) public: class sf::Rect<float> __thiscall sf::Sprite::getGlobalBounds(void)const " (__imp_?getGlobalBounds@Sprite@sf@@QBE?AV?$Rect@M@2@XZ)
PuppyNamingMenu.obj : error LNK2001: nierozpoznany symbol zewnętrzny "__declspec(dllimport) public: virtual __thiscall sf::Sprite::~Sprite(void)" (__imp_??1Sprite@sf@@UAE@XZ)
RoomInteraction.obj : error LNK2001: nierozpoznany symbol zewnętrzny "__declspec(dllimport) public: virtual __thiscall sf::Sprite::~Sprite(void)" (__imp_??1Sprite@sf@@UAE@XZ)
HealthBarManager.obj : error LNK2001: nierozpoznany symbol zewnętrzny "__declspec(dllimport) public: virtual __thiscall sf::Sprite::~Sprite(void)" (__imp_??1Sprite@sf@@UAE@XZ)
Interface.obj : error LNK2001: nierozpoznany symbol zewnętrzny "__declspec(dllimport) public: virtual __thiscall sf::Sprite::~Sprite(void)" (__imp_??1Sprite@sf@@UAE@XZ)
KitchenStrategy.obj : error LNK2001: nierozpoznany symbol zewnętrzny "__declspec(dllimport) public: virtual __thiscall sf::Sprite::~Sprite(void)" (__imp_??1Sprite@sf@@UAE@XZ)
PlayRoomStrategy.obj : error LNK2001: nierozpoznany symbol zewnętrzny "__declspec(dllimport) public: virtual __thiscall sf::Sprite::~Sprite(void)" (__imp_??1Sprite@sf@@UAE@XZ)
BathroomStrategy.obj : error LNK2001: nierozpoznany symbol zewnętrzny "__declspec(dllimport) public: virtual __thiscall sf::Sprite::~Sprite(void)" (__imp_??1Sprite@sf@@UAE@XZ)
BedroomStrategy.obj : error LNK2001: nierozpoznany symbol zewnętrzny "__declspec(dllimport) public: virtual __thiscall sf::Sprite::~Sprite(void)" (__imp_??1Sprite@sf@@UAE@XZ)
Game.obj : error LNK2001: nierozpoznany symbol zewnętrzny "__declspec(dllimport) public: virtual __thiscall sf::Sprite::~Sprite(void)" (__imp_??1Sprite@sf@@UAE@XZ)
HealthBar.obj : error LNK2001: nierozpoznany symbol zewnętrzny "__declspec(dllimport) public: virtual __thiscall sf::Sprite::~Sprite(void)" (__imp_??1Sprite@sf@@UAE@XZ)
BathroomStrategy.obj : error LNK2019: nierozpoznany symbol zewnętrzny "__declspec(dllimport) public: __thiscall sf::Sprite::Sprite(class sf::Sprite const &)" (__imp_??0Sprite@sf@@QAE@ABV01@@Z) przywołany w funkcji "void __cdecl std::_Construct_in_place<class sf::Sprite,class sf::Sprite const &>(class sf::Sprite &,class sf::Sprite const &)" (??$_Construct_in_place@VSprite@sf@@ABV12@@std@@YAXAAVSprite@sf@@ABV12@@Z)
HealthBarManager.obj : error LNK2001: nierozpoznany symbol zewnętrzny "__declspec(dllimport) public: __thiscall sf::Sprite::Sprite(class sf::Sprite const &)" (__imp_??0Sprite@sf@@QAE@ABV01@@Z)
KitchenStrategy.obj : error LNK2001: nierozpoznany symbol zewnętrzny "__declspec(dllimport) public: __thiscall sf::Sprite::Sprite(class sf::Sprite const &)" (__imp_??0Sprite@sf@@QAE@ABV01@@Z)
RoomInteraction.obj : error LNK2001: nierozpoznany symbol zewnętrzny "__declspec(dllimport) public: __thiscall sf::Sprite::Sprite(class sf::Sprite const &)" (__imp_??0Sprite@sf@@QAE@ABV01@@Z)
BathroomStrategy.obj : error LNK2019: nierozpoznany symbol zewnętrzny "__declspec(dllimport) public: __thiscall sf::Sprite::Sprite(class sf::Sprite &&)" (__imp_??0Sprite@sf@@QAE@$$QAV01@@Z) przywołany w funkcji "class sf::Sprite * __cdecl std::construct_at<class sf::Sprite,class sf::Sprite,0>(class sf::Sprite * const,class sf::Sprite &&)" (??$construct_at@VSprite@sf@@V12@$0A@@std@@YAPAVSprite@sf@@QAV12@$$QAV12@@Z)
HealthBarManager.obj : error LNK2001: nierozpoznany symbol zewnętrzny "__declspec(dllimport) public: __thiscall sf::Sprite::Sprite(class sf::Sprite &&)" (__imp_??0Sprite@sf@@QAE@$$QAV01@@Z)
KitchenStrategy.obj : error LNK2001: nierozpoznany symbol zewnętrzny "__declspec(dllimport) public: __thiscall sf::Sprite::Sprite(class sf::Sprite &&)" (__imp_??0Sprite@sf@@QAE@$$QAV01@@Z)
RoomInteraction.obj : error LNK2001: nierozpoznany symbol zewnętrzny "__declspec(dllimport) public: __thiscall sf::Sprite::Sprite(class sf::Sprite &&)" (__imp_??0Sprite@sf@@QAE@$$QAV01@@Z)
BathroomStrategy.obj : error LNK2001: nierozpoznany symbol zewnętrzny "private: virtual void __thiscall sf::Sprite::draw(class sf::RenderTarget &,class sf::RenderStates)const " (?draw@Sprite@sf@@EBEXAAVRenderTarget@2@VRenderStates@2@@Z)
KitchenStrategy.obj : error LNK2001: nierozpoznany symbol zewnętrzny "private: virtual void __thiscall sf::Sprite::draw(class sf::RenderTarget &,class sf::RenderStates)const " (?draw@Sprite@sf@@EBEXAAVRenderTarget@2@VRenderStates@2@@Z)
RoomInteraction.obj : error LNK2001: nierozpoznany symbol zewnętrzny "private: virtual void __thiscall sf::Sprite::draw(class sf::RenderTarget &,class sf::RenderStates)const " (?draw@Sprite@sf@@EBEXAAVRenderTarget@2@VRenderStates@2@@Z)
PuppyNamingMenu.obj : error LNK2001: nierozpoznany symbol zewnętrzny "__declspec(dllimport) public: static class sf::RenderStates const sf::RenderStates::Default" (__imp_?Default@RenderStates@sf@@2V12@B)
RoomInteraction.obj : error LNK2001: nierozpoznany symbol zewnętrzny "__declspec(dllimport) public: static class sf::RenderStates const sf::RenderStates::Default" (__imp_?Default@RenderStates@sf@@2V12@B)
Interface.obj : error LNK2001: nierozpoznany symbol zewnętrzny "__declspec(dllimport) public: static class sf::RenderStates const sf::RenderStates::Default" (__imp_?Default@RenderStates@sf@@2V12@B)
KitchenStrategy.obj : error LNK2001: nierozpoznany symbol zewnętrzny "__declspec(dllimport) public: static class sf::RenderStates const sf::RenderStates::Default" (__imp_?Default@RenderStates@sf@@2V12@B)
PlayRoomStrategy.obj : error LNK2001: nierozpoznany symbol zewnętrzny "__declspec(dllimport) public: static class sf::RenderStates const sf::RenderStates::Default" (__imp_?Default@RenderStates@sf@@2V12@B)
Puppy.obj : error LNK2001: nierozpoznany symbol zewnętrzny "__declspec(dllimport) public: static class sf::RenderStates const sf::RenderStates::Default" (__imp_?Default@RenderStates@sf@@2V12@B)
BathroomStrategy.obj : error LNK2001: nierozpoznany symbol zewnętrzny "__declspec(dllimport) public: static class sf::RenderStates const sf::RenderStates::Default" (__imp_?Default@RenderStates@sf@@2V12@B)
BedroomStrategy.obj : error LNK2001: nierozpoznany symbol zewnętrzny "__declspec(dllimport) public: static class sf::RenderStates const sf::RenderStates::Default" (__imp_?Default@RenderStates@sf@@2V12@B)
Game.obj : error LNK2001: nierozpoznany symbol zewnętrzny "__declspec(dllimport) public: static class sf::RenderStates const sf::RenderStates::Default" (__imp_?Default@RenderStates@sf@@2V12@B)
HealthBar.obj : error LNK2001: nierozpoznany symbol zewnętrzny "__declspec(dllimport) public: static class sf::RenderStates const sf::RenderStates::Default" (__imp_?Default@RenderStates@sf@@2V12@B)
Game.obj : error LNK2019: nierozpoznany symbol zewnętrzny "__declspec(dllimport) public: __thiscall sf::String::String(char const *,class std::locale const &)" (__imp_??0String@sf@@QAE@PBDABVlocale@std@@@Z) przywołany w funkcji "public: __thiscall Game::Game(class sf::RenderWindow &,int)" (??0Game@@QAE@AAVRenderWindow@sf@@H@Z)
Interface.obj : error LNK2001: nierozpoznany symbol zewnętrzny "__declspec(dllimport) public: __thiscall sf::String::String(char const *,class std::locale const &)" (__imp_??0String@sf@@QAE@PBDABVlocale@std@@@Z)
PuppyNamingMenu.obj : error LNK2001: nierozpoznany symbol zewnętrzny "__declspec(dllimport) public: __thiscall sf::String::String(char const *,class std::locale const &)" (__imp_??0String@sf@@QAE@PBDABVlocale@std@@@Z)
PetPal.obj : error LNK2001: nierozpoznany symbol zewnętrzny "__declspec(dllimport) public: __thiscall sf::String::String(char const *,class std::locale const &)" (__imp_??0String@sf@@QAE@PBDABVlocale@std@@@Z)
Game.obj : error LNK2019: nierozpoznany symbol zewnętrzny "__declspec(dllimport) public: __thiscall sf::String::String(class std::basic_string<char,struct std::char_traits<char>,class std::allocator<char> > const &,class std::locale const &)" (__imp_??0String@sf@@QAE@ABV?$basic_string@DU?$char_traits@D@std@@V?$allocator@D@2@@std@@ABVlocale@3@@Z) przywołany w funkcji "public: void __thiscall Game::setPuppyName(class std::basic_string<char,struct std::char_traits<char>,class std::allocator<char> > const &)" (?setPuppyName@Game@@QAEXABV?$basic_string@DU?$char_traits@D@std@@V?$allocator@D@2@@std@@@Z)
PuppyNamingMenu.obj : error LNK2001: nierozpoznany symbol zewnętrzny "__declspec(dllimport) public: __thiscall sf::String::String(class std::basic_string<char,struct std::char_traits<char>,class std::allocator<char> > const &,class std::locale const &)" (__imp_??0String@sf@@QAE@ABV?$basic_string@DU?$char_traits@D@std@@V?$allocator@D@2@@std@@ABVlocale@3@@Z)
Game.obj : error LNK2019: nierozpoznany symbol zewnętrzny "__declspec(dllimport) public: __thiscall sf::String::~String(void)" (__imp_??1String@sf@@QAE@XZ) przywołany w funkcji "public: __thiscall Game::Game(class sf::RenderWindow &,int)" (??0Game@@QAE@AAVRenderWindow@sf@@H@Z)
Interface.obj : error LNK2001: nierozpoznany symbol zewnętrzny "__declspec(dllimport) public: __thiscall sf::String::~String(void)" (__imp_??1String@sf@@QAE@XZ)
PuppyNamingMenu.obj : error LNK2001: nierozpoznany symbol zewnętrzny "__declspec(dllimport) public: __thiscall sf::String::~String(void)" (__imp_??1String@sf@@QAE@XZ)
PetPal.obj : error LNK2001: nierozpoznany symbol zewnętrzny "__declspec(dllimport) public: __thiscall sf::String::~String(void)" (__imp_??1String@sf@@QAE@XZ)
Game.obj : error LNK2019: nierozpoznany symbol zewnętrzny "__declspec(dllimport) public: __thiscall sf::VideoMode::VideoMode(unsigned int,unsigned int,unsigned int)" (__imp_??0VideoMode@sf@@QAE@III@Z) przywołany w funkcji "void __cdecl createmyWindow(class sf::RenderWindow &,class sf::String)" (?createmyWindow@@YAXAAVRenderWindow@sf@@VString@2@@Z)
PetPal.obj : error LNK2001: nierozpoznany symbol zewnętrzny "__declspec(dllimport) public: __thiscall sf::VideoMode::VideoMode(unsigned int,unsigned int,unsigned int)" (__imp_??0VideoMode@sf@@QAE@III@Z)
Game.obj : error LNK2019: nierozpoznany symbol zewnętrzny "__declspec(dllimport) public: bool __thiscall sf::WindowBase::isOpen(void)const " (__imp_?isOpen@WindowBase@sf@@QBE_NXZ) przywołany w funkcji "public: void __thiscall Game::run(void)" (?run@Game@@QAEXXZ)
PuppyNamingMenu.obj : error LNK2001: nierozpoznany symbol zewnętrzny "__declspec(dllimport) public: bool __thiscall sf::WindowBase::isOpen(void)const " (__imp_?isOpen@WindowBase@sf@@QBE_NXZ)
PetPal.obj : error LNK2001: nierozpoznany symbol zewnętrzny "__declspec(dllimport) public: bool __thiscall sf::WindowBase::isOpen(void)const " (__imp_?isOpen@WindowBase@sf@@QBE_NXZ)
Game.obj : error LNK2019: nierozpoznany symbol zewnętrzny "__declspec(dllimport) public: bool __thiscall sf::WindowBase::pollEvent(class sf::Event &)" (__imp_?pollEvent@WindowBase@sf@@QAE_NAAVEvent@2@@Z) przywołany w funkcji "public: void __thiscall Game::handleInput(void)" (?handleInput@Game@@QAEXXZ)
PuppyNamingMenu.obj : error LNK2001: nierozpoznany symbol zewnętrzny "__declspec(dllimport) public: bool __thiscall sf::WindowBase::pollEvent(class sf::Event &)" (__imp_?pollEvent@WindowBase@sf@@QAE_NAAVEvent@2@@Z)
PetPal.obj : error LNK2001: nierozpoznany symbol zewnętrzny "__declspec(dllimport) public: bool __thiscall sf::WindowBase::pollEvent(class sf::Event &)" (__imp_?pollEvent@WindowBase@sf@@QAE_NAAVEvent@2@@Z)
Game.obj : error LNK2019: nierozpoznany symbol zewnętrzny "__declspec(dllimport) public: void __thiscall sf::WindowBase::setPosition(class sf::Vector2<int> const &)" (__imp_?setPosition@WindowBase@sf@@QAEXABV?$Vector2@H@2@@Z) przywołany w funkcji "void __cdecl createmyWindow(class sf::RenderWindow &,class sf::String)" (?createmyWindow@@YAXAAVRenderWindow@sf@@VString@2@@Z)
Game.obj : error LNK2019: nierozpoznany symbol zewnętrzny "__declspec(dllimport) public: void __thiscall sf::WindowBase::setKeyRepeatEnabled(bool)" (__imp_?setKeyRepeatEnabled@WindowBase@sf@@QAEX_N@Z) przywołany w funkcji "void __cdecl createmyWindow(class sf::RenderWindow &,class sf::String)" (?createmyWindow@@YAXAAVRenderWindow@sf@@VString@2@@Z)
Game.obj : error LNK2019: nierozpoznany symbol zewnętrzny "__declspec(dllimport) public: void __thiscall sf::Window::setFramerateLimit(unsigned int)" (__imp_?setFramerateLimit@Window@sf@@QAEXI@Z) przywołany w funkcji "void __cdecl createmyWindow(class sf::RenderWindow &,class sf::String)" (?createmyWindow@@YAXAAVRenderWindow@sf@@VString@2@@Z)
Game.obj : error LNK2019: nierozpoznany symbol zewnętrzny "__declspec(dllimport) public: void __thiscall sf::Window::display(void)" (__imp_?display@Window@sf@@QAEXXZ) przywołany w funkcji "public: void __thiscall Game::draw(void)" (?draw@Game@@QAEXXZ)
PuppyNamingMenu.obj : error LNK2001: nierozpoznany symbol zewnętrzny "__declspec(dllimport) public: void __thiscall sf::Window::display(void)" (__imp_?display@Window@sf@@QAEXXZ)
PetPal.obj : error LNK2001: nierozpoznany symbol zewnętrzny "__declspec(dllimport) public: void __thiscall sf::Window::display(void)" (__imp_?display@Window@sf@@QAEXXZ)
Game.obj : error LNK2019: nierozpoznany symbol zewnętrzny "__declspec(dllimport) public: void __thiscall sf::Transformable::setScale(float,float)" (__imp_?setScale@Transformable@sf@@QAEXMM@Z) przywołany w funkcji "private: void __thiscall Game::loadButtons(void)" (?loadButtons@Game@@AAEXXZ)
Interface.obj : error LNK2001: nierozpoznany symbol zewnętrzny "__declspec(dllimport) public: void __thiscall sf::Transformable::setScale(float,float)" (__imp_?setScale@Transformable@sf@@QAEXMM@Z)
KitchenStrategy.obj : error LNK2001: nierozpoznany symbol zewnętrzny "__declspec(dllimport) public: void __thiscall sf::Transformable::setScale(float,float)" (__imp_?setScale@Transformable@sf@@QAEXMM@Z)
PetPal.obj : error LNK2001: nierozpoznany symbol zewnętrzny "__declspec(dllimport) public: __thiscall sf::Color::Color(unsigned char,unsigned char,unsigned char,unsigned char)" (__imp_??0Color@sf@@QAE@EEEE@Z)
Game.obj : error LNK2001: nierozpoznany symbol zewnętrzny "__declspec(dllimport) public: __thiscall sf::Color::Color(unsigned char,unsigned char,unsigned char,unsigned char)" (__imp_??0Color@sf@@QAE@EEEE@Z)
HealthBar.obj : error LNK2001: nierozpoznany symbol zewnętrzny "__declspec(dllimport) public: __thiscall sf::Color::Color(unsigned char,unsigned char,unsigned char,unsigned char)" (__imp_??0Color@sf@@QAE@EEEE@Z)
Interface.obj : error LNK2001: nierozpoznany symbol zewnętrzny "__declspec(dllimport) public: __thiscall sf::Color::Color(unsigned char,unsigned char,unsigned char,unsigned char)" (__imp_??0Color@sf@@QAE@EEEE@Z)
RoomInteraction.obj : error LNK2001: nierozpoznany symbol zewnętrzny "__declspec(dllimport) public: __thiscall sf::Color::Color(unsigned char,unsigned char,unsigned char,unsigned char)" (__imp_??0Color@sf@@QAE@EEEE@Z)
Game.obj : error LNK2019: nierozpoznany symbol zewnętrzny "__declspec(dllimport) public: __thiscall sf::Texture::Texture(class sf::Texture const &)" (__imp_??0Texture@sf@@QAE@ABV01@@Z) przywołany w funkcji "class sf::Texture * __cdecl std::construct_at<class sf::Texture,class sf::Texture &,0>(class sf::Texture * const,class sf::Texture &)" (??$construct_at@VTexture@sf@@AAV12@$0A@@std@@YAPAVTexture@sf@@QAV12@AAV12@@Z)
Game.obj : error LNK2019: nierozpoznany symbol zewnętrzny "__declspec(dllimport) public: __thiscall sf::Font::Font(void)" (__imp_??0Font@sf@@QAE@XZ) przywołany w funkcji "public: __thiscall Game::Game(class sf::RenderWindow &,int)" (??0Game@@QAE@AAVRenderWindow@sf@@H@Z)
Interface.obj : error LNK2001: nierozpoznany symbol zewnętrzny "__declspec(dllimport) public: __thiscall sf::Font::Font(void)" (__imp_??0Font@sf@@QAE@XZ)
Game.obj : error LNK2019: nierozpoznany symbol zewnętrzny "__declspec(dllimport) public: __thiscall sf::Font::~Font(void)" (__imp_??1Font@sf@@QAE@XZ) przywołany w funkcji __unwindfunclet$??0Game@@QAE@AAVRenderWindow@sf@@H@Z$16
Interface.obj : error LNK2001: nierozpoznany symbol zewnętrzny "__declspec(dllimport) public: __thiscall sf::Font::~Font(void)" (__imp_??1Font@sf@@QAE@XZ)
Game.obj : error LNK2019: nierozpoznany symbol zewnętrzny "__declspec(dllimport) public: bool __thiscall sf::Font::loadFromFile(class std::basic_string<char,struct std::char_traits<char>,class std::allocator<char> > const &)" (__imp_?loadFromFile@Font@sf@@QAE_NABV?$basic_string@DU?$char_traits@D@std@@V?$allocator@D@2@@std@@@Z) przywołany w funkcji "public: __thiscall Game::Game(class sf::RenderWindow &,int)" (??0Game@@QAE@AAVRenderWindow@sf@@H@Z)
Interface.obj : error LNK2001: nierozpoznany symbol zewnętrzny "__declspec(dllimport) public: bool __thiscall sf::Font::loadFromFile(class std::basic_string<char,struct std::char_traits<char>,class std::allocator<char> > const &)" (__imp_?loadFromFile@Font@sf@@QAE_NABV?$basic_string@DU?$char_traits@D@std@@V?$allocator@D@2@@std@@@Z)
PuppyNamingMenu.obj : error LNK2001: nierozpoznany symbol zewnętrzny "__declspec(dllimport) public: bool __thiscall sf::Font::loadFromFile(class std::basic_string<char,struct std::char_traits<char>,class std::allocator<char> > const &)" (__imp_?loadFromFile@Font@sf@@QAE_NABV?$basic_string@DU?$char_traits@D@std@@V?$allocator@D@2@@std@@@Z)
KitchenStrategy.obj : error LNK2001: nierozpoznany symbol zewnętrzny "__declspec(dllimport) public: virtual __thiscall sf::RectangleShape::~RectangleShape(void)" (__imp_??1RectangleShape@sf@@UAE@XZ)
PuppyNamingMenu.obj : error LNK2001: nierozpoznany symbol zewnętrzny "__declspec(dllimport) public: virtual __thiscall sf::RectangleShape::~RectangleShape(void)" (__imp_??1RectangleShape@sf@@UAE@XZ)
Game.obj : error LNK2001: nierozpoznany symbol zewnętrzny "__declspec(dllimport) public: virtual __thiscall sf::RectangleShape::~RectangleShape(void)" (__imp_??1RectangleShape@sf@@UAE@XZ)
HealthBar.obj : error LNK2001: nierozpoznany symbol zewnętrzny "__declspec(dllimport) public: virtual __thiscall sf::RectangleShape::~RectangleShape(void)" (__imp_??1RectangleShape@sf@@UAE@XZ)
HealthBarManager.obj : error LNK2001: nierozpoznany symbol zewnętrzny "__declspec(dllimport) public: virtual __thiscall sf::RectangleShape::~RectangleShape(void)" (__imp_??1RectangleShape@sf@@UAE@XZ)
Interface.obj : error LNK2001: nierozpoznany symbol zewnętrzny "__declspec(dllimport) public: virtual __thiscall sf::RectangleShape::~RectangleShape(void)" (__imp_??1RectangleShape@sf@@UAE@XZ)
Game.obj : error LNK2019: nierozpoznany symbol zewnętrzny "__declspec(dllimport) public: void __thiscall sf::RenderTarget::clear(class sf::Color const &)" (__imp_?clear@RenderTarget@sf@@QAEXABVColor@2@@Z) przywołany w funkcji "public: void __thiscall Game::draw(void)" (?draw@Game@@QAEXXZ)
PuppyNamingMenu.obj : error LNK2001: nierozpoznany symbol zewnętrzny "__declspec(dllimport) public: void __thiscall sf::RenderTarget::clear(class sf::Color const &)" (__imp_?clear@RenderTarget@sf@@QAEXABVColor@2@@Z)
PetPal.obj : error LNK2001: nierozpoznany symbol zewnętrzny "__declspec(dllimport) public: void __thiscall sf::RenderTarget::clear(class sf::Color const &)" (__imp_?clear@RenderTarget@sf@@QAEXABVColor@2@@Z)
Game.obj : error LNK2019: nierozpoznany symbol zewnętrzny "__declspec(dllimport) public: class sf::Sprite & __thiscall sf::Sprite::operator=(class sf::Sprite const &)" (__imp_??4Sprite@sf@@QAEAAV01@ABV01@@Z) przywołany w funkcji __catch$??0Game@@QAE@AAVRenderWindow@sf@@H@Z$0
KitchenStrategy.obj : error LNK2001: nierozpoznany symbol zewnętrzny "__declspec(dllimport) public: class sf::Sprite & __thiscall sf::Sprite::operator=(class sf::Sprite const &)" (__imp_??4Sprite@sf@@QAEAAV01@ABV01@@Z)
Game.obj : error LNK2019: nierozpoznany symbol zewnętrzny "__declspec(dllimport) public: __thiscall sf::Text::Text(void)" (__imp_??0Text@sf@@QAE@XZ) przywołany w funkcji "public: __thiscall Game::Game(class sf::RenderWindow &,int)" (??0Game@@QAE@AAVRenderWindow@sf@@H@Z)
Interface.obj : error LNK2001: nierozpoznany symbol zewnętrzny "__declspec(dllimport) public: __thiscall sf::Text::Text(void)" (__imp_??0Text@sf@@QAE@XZ)
PuppyNamingMenu.obj : error LNK2001: nierozpoznany symbol zewnętrzny "__declspec(dllimport) public: __thiscall sf::Text::Text(void)" (__imp_??0Text@sf@@QAE@XZ)
Game.obj : error LNK2019: nierozpoznany symbol zewnętrzny "__declspec(dllimport) public: void __thiscall sf::Text::setString(class sf::String const &)" (__imp_?setString@Text@sf@@QAEXABVString@2@@Z) przywołany w funkcji "public: __thiscall Game::Game(class sf::RenderWindow &,int)" (??0Game@@QAE@AAVRenderWindow@sf@@H@Z)
Interface.obj : error LNK2001: nierozpoznany symbol zewnętrzny "__declspec(dllimport) public: void __thiscall sf::Text::setString(class sf::String const &)" (__imp_?setString@Text@sf@@QAEXABVString@2@@Z)
PuppyNamingMenu.obj : error LNK2001: nierozpoznany symbol zewnętrzny "__declspec(dllimport) public: void __thiscall sf::Text::setString(class sf::String const &)" (__imp_?setString@Text@sf@@QAEXABVString@2@@Z)
Game.obj : error LNK2019: nierozpoznany symbol zewnętrzny "__declspec(dllimport) public: void __thiscall sf::Text::setFont(class sf::Font const &)" (__imp_?setFont@Text@sf@@QAEXABVFont@2@@Z) przywołany w funkcji "public: __thiscall Game::Game(class sf::RenderWindow &,int)" (??0Game@@QAE@AAVRenderWindow@sf@@H@Z)
Interface.obj : error LNK2001: nierozpoznany symbol zewnętrzny "__declspec(dllimport) public: void __thiscall sf::Text::setFont(class sf::Font const &)" (__imp_?setFont@Text@sf@@QAEXABVFont@2@@Z)
PuppyNamingMenu.obj : error LNK2001: nierozpoznany symbol zewnętrzny "__declspec(dllimport) public: void __thiscall sf::Text::setFont(class sf::Font const &)" (__imp_?setFont@Text@sf@@QAEXABVFont@2@@Z)
Game.obj : error LNK2019: nierozpoznany symbol zewnętrzny "__declspec(dllimport) public: void __thiscall sf::Text::setCharacterSize(unsigned int)" (__imp_?setCharacterSize@Text@sf@@QAEXI@Z) przywołany w funkcji "public: __thiscall Game::Game(class sf::RenderWindow &,int)" (??0Game@@QAE@AAVRenderWindow@sf@@H@Z)
Interface.obj : error LNK2001: nierozpoznany symbol zewnętrzny "__declspec(dllimport) public: void __thiscall sf::Text::setCharacterSize(unsigned int)" (__imp_?setCharacterSize@Text@sf@@QAEXI@Z)
PuppyNamingMenu.obj : error LNK2001: nierozpoznany symbol zewnętrzny "__declspec(dllimport) public: void __thiscall sf::Text::setCharacterSize(unsigned int)" (__imp_?setCharacterSize@Text@sf@@QAEXI@Z)
Game.obj : error LNK2019: nierozpoznany symbol zewnętrzny "__declspec(dllimport) public: void __thiscall sf::Text::setFillColor(class sf::Color const &)" (__imp_?setFillColor@Text@sf@@QAEXABVColor@2@@Z) przywołany w funkcji "public: __thiscall Game::Game(class sf::RenderWindow &,int)" (??0Game@@QAE@AAVRenderWindow@sf@@H@Z)
Interface.obj : error LNK2001: nierozpoznany symbol zewnętrzny "__declspec(dllimport) public: void __thiscall sf::Text::setFillColor(class sf::Color const &)" (__imp_?setFillColor@Text@sf@@QAEXABVColor@2@@Z)
PuppyNamingMenu.obj : error LNK2001: nierozpoznany symbol zewnętrzny "__declspec(dllimport) public: void __thiscall sf::Text::setFillColor(class sf::Color const &)" (__imp_?setFillColor@Text@sf@@QAEXABVColor@2@@Z)
Game.obj : error LNK2019: nierozpoznany symbol zewnętrzny "__declspec(dllimport) public: void __thiscall sf::Text::setOutlineColor(class sf::Color const &)" (__imp_?setOutlineColor@Text@sf@@QAEXABVColor@2@@Z) przywołany w funkcji "public: __thiscall Game::Game(class sf::RenderWindow &,int)" (??0Game@@QAE@AAVRenderWindow@sf@@H@Z)
Game.obj : error LNK2019: nierozpoznany symbol zewnętrzny "__declspec(dllimport) public: void __thiscall sf::Text::setOutlineThickness(float)" (__imp_?setOutlineThickness@Text@sf@@QAEXM@Z) przywołany w funkcji "public: __thiscall Game::Game(class sf::RenderWindow &,int)" (??0Game@@QAE@AAVRenderWindow@sf@@H@Z)
Game.obj : error LNK2019: nierozpoznany symbol zewnętrzny "__declspec(dllimport) public: class sf::Rect<float> __thiscall sf::Text::getGlobalBounds(void)const " (__imp_?getGlobalBounds@Text@sf@@QBE?AV?$Rect@M@2@XZ) przywołany w funkcji "public: void __thiscall Game::setPuppyName(class std::basic_string<char,struct std::char_traits<char>,class std::allocator<char> > const &)" (?setPuppyName@Game@@QAEXABV?$basic_string@DU?$char_traits@D@std@@V?$allocator@D@2@@std@@@Z)
Interface.obj : error LNK2001: nierozpoznany symbol zewnętrzny "__declspec(dllimport) public: class sf::Rect<float> __thiscall sf::Text::getGlobalBounds(void)const " (__imp_?getGlobalBounds@Text@sf@@QBE?AV?$Rect@M@2@XZ)
Game.obj : error LNK2019: nierozpoznany symbol zewnętrzny "__declspec(dllimport) public: virtual __thiscall sf::Text::~Text(void)" (__imp_??1Text@sf@@UAE@XZ) przywołany w funkcji __unwindfunclet$??0Game@@QAE@AAVRenderWindow@sf@@H@Z$17
Interface.obj : error LNK2001: nierozpoznany symbol zewnętrzny "__declspec(dllimport) public: virtual __thiscall sf::Text::~Text(void)" (__imp_??1Text@sf@@UAE@XZ)
PuppyNamingMenu.obj : error LNK2001: nierozpoznany symbol zewnętrzny "__declspec(dllimport) public: virtual __thiscall sf::Text::~Text(void)" (__imp_??1Text@sf@@UAE@XZ)
Game.obj : error LNK2019: nierozpoznany symbol zewnętrzny "__declspec(dllimport) public: static class sf::Color const sf::Color::Black" (__imp_?Black@Color@sf@@2V12@B) przywołany w funkcji "public: __thiscall Game::Game(class sf::RenderWindow &,int)" (??0Game@@QAE@AAVRenderWindow@sf@@H@Z)
Interface.obj : error LNK2001: nierozpoznany symbol zewnętrzny "__declspec(dllimport) public: static class sf::Color const sf::Color::Black" (__imp_?Black@Color@sf@@2V12@B)
PuppyNamingMenu.obj : error LNK2001: nierozpoznany symbol zewnętrzny "__declspec(dllimport) public: static class sf::Color const sf::Color::Black" (__imp_?Black@Color@sf@@2V12@B)
Game.obj : error LNK2019: nierozpoznany symbol zewnętrzny "__declspec(dllimport) public: static class sf::Color const sf::Color::White" (__imp_?White@Color@sf@@2V12@B) przywołany w funkcji "public: __thiscall Game::Game(class sf::RenderWindow &,int)" (??0Game@@QAE@AAVRenderWindow@sf@@H@Z)
Interface.obj : error LNK2001: nierozpoznany symbol zewnętrzny "__declspec(dllimport) public: static class sf::Color const sf::Color::White" (__imp_?White@Color@sf@@2V12@B)
PuppyNamingMenu.obj : error LNK2001: nierozpoznany symbol zewnętrzny "__declspec(dllimport) public: static class sf::Color const sf::Color::White" (__imp_?White@Color@sf@@2V12@B)
Game.obj : error LNK2019: nierozpoznany symbol zewnętrzny "__declspec(dllimport) public: static class sf::Color const sf::Color::Red" (__imp_?Red@Color@sf@@2V12@B) przywołany w funkcji "public: __thiscall Game::Game(class sf::RenderWindow &,int)" (??0Game@@QAE@AAVRenderWindow@sf@@H@Z)
HealthBar.obj : error LNK2001: nierozpoznany symbol zewnętrzny "__declspec(dllimport) public: static class sf::Color const sf::Color::Red" (__imp_?Red@Color@sf@@2V12@B)
RoomInteraction.obj : error LNK2001: nierozpoznany symbol zewnętrzny "__declspec(dllimport) public: void __thiscall sf::Shape::setFillColor(class sf::Color const &)" (__imp_?setFillColor@Shape@sf@@QAEXABVColor@2@@Z)
HealthBar.obj : error LNK2001: nierozpoznany symbol zewnętrzny "__declspec(dllimport) public: void __thiscall sf::Shape::setFillColor(class sf::Color const &)" (__imp_?setFillColor@Shape@sf@@QAEXABVColor@2@@Z)
Interface.obj : error LNK2001: nierozpoznany symbol zewnętrzny "__declspec(dllimport) public: void __thiscall sf::Shape::setFillColor(class sf::Color const &)" (__imp_?setFillColor@Shape@sf@@QAEXABVColor@2@@Z)
KitchenStrategy.obj : error LNK2001: nierozpoznany symbol zewnętrzny "__declspec(dllimport) public: void __thiscall sf::Shape::setFillColor(class sf::Color const &)" (__imp_?setFillColor@Shape@sf@@QAEXABVColor@2@@Z)
PuppyNamingMenu.obj : error LNK2001: nierozpoznany symbol zewnętrzny "__declspec(dllimport) public: void __thiscall sf::Shape::setFillColor(class sf::Color const &)" (__imp_?setFillColor@Shape@sf@@QAEXABVColor@2@@Z)
HealthBar.obj : error LNK2019: nierozpoznany symbol zewnętrzny "__declspec(dllimport) public: __thiscall sf::RectangleShape::RectangleShape(class sf::Vector2<float> const &)" (__imp_??0RectangleShape@sf@@QAE@ABV?$Vector2@M@1@@Z) przywołany w funkcji "public: __thiscall HealthBar::HealthBar(class std::basic_string<char,struct std::char_traits<char>,class std::allocator<char> > const &,class sf::Texture &,class sf::Vector2<float> const &)" (??0HealthBar@@QAE@ABV?$basic_string@DU?$char_traits@D@std@@V?$allocator@D@2@@std@@AAVTexture@sf@@ABV?$Vector2@M@4@@Z)
Interface.obj : error LNK2001: nierozpoznany symbol zewnętrzny "__declspec(dllimport) public: __thiscall sf::RectangleShape::RectangleShape(class sf::Vector2<float> const &)" (__imp_??0RectangleShape@sf@@QAE@ABV?$Vector2@M@1@@Z)
KitchenStrategy.obj : error LNK2001: nierozpoznany symbol zewnętrzny "__declspec(dllimport) public: __thiscall sf::RectangleShape::RectangleShape(class sf::Vector2<float> const &)" (__imp_??0RectangleShape@sf@@QAE@ABV?$Vector2@M@1@@Z)
PuppyNamingMenu.obj : error LNK2001: nierozpoznany symbol zewnętrzny "__declspec(dllimport) public: __thiscall sf::RectangleShape::RectangleShape(class sf::Vector2<float> const &)" (__imp_??0RectangleShape@sf@@QAE@ABV?$Vector2@M@1@@Z)
HealthBar.obj : error LNK2019: nierozpoznany symbol zewnętrzny "__declspec(dllimport) public: void __thiscall sf::RectangleShape::setSize(class sf::Vector2<float> const &)" (__imp_?setSize@RectangleShape@sf@@QAEXABV?$Vector2@M@2@@Z) przywołany w funkcji "public: __thiscall HealthBar::HealthBar(class std::basic_string<char,struct std::char_traits<char>,class std::allocator<char> > const &,class sf::Texture &,class sf::Vector2<float> const &)" (??0HealthBar@@QAE@ABV?$basic_string@DU?$char_traits@D@std@@V?$allocator@D@2@@std@@AAVTexture@sf@@ABV?$Vector2@M@4@@Z)
KitchenStrategy.obj : error LNK2001: nierozpoznany symbol zewnętrzny "__declspec(dllimport) public: void __thiscall sf::RectangleShape::setSize(class sf::Vector2<float> const &)" (__imp_?setSize@RectangleShape@sf@@QAEXABV?$Vector2@M@2@@Z)
PuppyNamingMenu.obj : error LNK2001: nierozpoznany symbol zewnętrzny "__declspec(dllimport) public: void __thiscall sf::RectangleShape::setSize(class sf::Vector2<float> const &)" (__imp_?setSize@RectangleShape@sf@@QAEXABV?$Vector2@M@2@@Z)
HealthBar.obj : error LNK2019: nierozpoznany symbol zewnętrzny "__declspec(dllimport) public: static class sf::Color const sf::Color::Green" (__imp_?Green@Color@sf@@2V12@B) przywołany w funkcji "public: __thiscall HealthBar::HealthBar(class std::basic_string<char,struct std::char_traits<char>,class std::allocator<char> > const &,class sf::Texture &,class sf::Vector2<float> const &)" (??0HealthBar@@QAE@ABV?$basic_string@DU?$char_traits@D@std@@V?$allocator@D@2@@std@@AAVTexture@sf@@ABV?$Vector2@M@4@@Z)
HealthBarManager.obj : error LNK2019: nierozpoznany symbol zewnętrzny "__declspec(dllimport) public: class sf::Texture & __thiscall sf::Texture::operator=(class sf::Texture const &)" (__imp_??4Texture@sf@@QAEAAV01@ABV01@@Z) przywołany w funkcji "public: void __thiscall EmotionTextureManager::loadTextures(void)" (?loadTextures@EmotionTextureManager@@QAEXXZ)
HealthBarManager.obj : error LNK2019: nierozpoznany symbol zewnętrzny "__declspec(dllimport) public: __thiscall sf::RectangleShape::RectangleShape(class sf::RectangleShape const &)" (__imp_??0RectangleShape@sf@@QAE@ABV01@@Z) przywołany w funkcji "public: __thiscall HealthBar::HealthBar(class HealthBar const &)" (??0HealthBar@@QAE@ABV0@@Z)
HealthBarManager.obj : error LNK2019: nierozpoznany symbol zewnętrzny "__declspec(dllimport) public: __thiscall sf::RectangleShape::RectangleShape(class sf::RectangleShape &&)" (__imp_??0RectangleShape@sf@@QAE@$$QAV01@@Z) przywołany w funkcji "public: __thiscall HealthBar::HealthBar(class HealthBar &&)" (??0HealthBar@@QAE@$$QAV0@@Z)
Interface.obj : error LNK2019: nierozpoznany symbol zewnętrzny "__declspec(dllimport) public: class sf::Vector2<float> __thiscall sf::RenderTarget::mapPixelToCoords(class sf::Vector2<int> const &)const " (__imp_?mapPixelToCoords@RenderTarget@sf@@QBE?AV?$Vector2@M@2@ABV?$Vector2@H@2@@Z) przywołany w funkcji "public: void __thiscall Menu::choice(class sf::RenderWindow &,class sf::Event const &)" (?choice@Menu@@QAEXAAVRenderWindow@sf@@ABVEvent@3@@Z)
PlayRoomStrategy.obj : error LNK2001: nierozpoznany symbol zewnętrzny "__declspec(dllimport) public: class sf::Vector2<float> __thiscall sf::RenderTarget::mapPixelToCoords(class sf::Vector2<int> const &)const " (__imp_?mapPixelToCoords@RenderTarget@sf@@QBE?AV?$Vector2@M@2@ABV?$Vector2@H@2@@Z)
Interface.obj : error LNK2019: nierozpoznany symbol zewnętrzny "__declspec(dllimport) public: __thiscall sf::Text::Text(class sf::String const &,class sf::Font const &,unsigned int)" (__imp_??0Text@sf@@QAE@ABVString@1@ABVFont@1@I@Z) przywołany w funkcji "public: __thiscall Menu::Menu(float,float,class std::basic_string<char,struct std::char_traits<char>,class std::allocator<char> > const &)" (??0Menu@@QAE@MMABV?$basic_string@DU?$char_traits@D@std@@V?$allocator@D@2@@std@@@Z)
Interface.obj : error LNK2019: nierozpoznany symbol zewnętrzny "__declspec(dllimport) public: __thiscall sf::Text::Text(class sf::Text const &)" (__imp_??0Text@sf@@QAE@ABV01@@Z) przywołany w funkcji "class sf::Text * __cdecl std::construct_at<class sf::Text,class sf::Text &,0>(class sf::Text * const,class sf::Text &)" (??$construct_at@VText@sf@@AAV12@$0A@@std@@YAPAVText@sf@@QAV12@AAV12@@Z)
Interface.obj : error LNK2019: nierozpoznany symbol zewnętrzny "__declspec(dllimport) public: __thiscall sf::Text::Text(class sf::Text &&)" (__imp_??0Text@sf@@QAE@$$QAV01@@Z) przywołany w funkcji "class sf::Text * __cdecl std::construct_at<class sf::Text,class sf::Text,0>(class sf::Text * const,class sf::Text &&)" (??$construct_at@VText@sf@@V12@$0A@@std@@YAPAVText@sf@@QAV12@$$QAV12@@Z)
Interface.obj : error LNK2001: nierozpoznany symbol zewnętrzny "private: virtual void __thiscall sf::Text::draw(class sf::RenderTarget &,class sf::RenderStates)const " (?draw@Text@sf@@EBEXAAVRenderTarget@2@VRenderStates@2@@Z)
Interface.obj : error LNK2019: nierozpoznany symbol zewnętrzny "__declspec(dllimport) public: static class sf::Color const sf::Color::Magenta" (__imp_?Magenta@Color@sf@@2V12@B) przywołany w funkcji "public: void __thiscall Menu::moveDown(void)" (?moveDown@Menu@@QAEXXZ)
KitchenStrategy.obj : error LNK2019: nierozpoznany symbol zewnętrzny "__declspec(dllimport) public: void __thiscall sf::Shape::setOutlineColor(class sf::Color const &)" (__imp_?setOutlineColor@Shape@sf@@QAEXABVColor@2@@Z) przywołany w funkcji "public: __thiscall KitchenStrategy::KitchenStrategy(class sf::RenderWindow &)" (??0KitchenStrategy@@QAE@AAVRenderWindow@sf@@@Z)
PuppyNamingMenu.obj : error LNK2001: nierozpoznany symbol zewnętrzny "__declspec(dllimport) public: void __thiscall sf::Shape::setOutlineColor(class sf::Color const &)" (__imp_?setOutlineColor@Shape@sf@@QAEXABVColor@2@@Z)
KitchenStrategy.obj : error LNK2019: nierozpoznany symbol zewnętrzny "__declspec(dllimport) public: void __thiscall sf::Shape::setOutlineThickness(float)" (__imp_?setOutlineThickness@Shape@sf@@QAEXM@Z) przywołany w funkcji "public: __thiscall KitchenStrategy::KitchenStrategy(class sf::RenderWindow &)" (??0KitchenStrategy@@QAE@AAVRenderWindow@sf@@@Z)
PuppyNamingMenu.obj : error LNK2001: nierozpoznany symbol zewnętrzny "__declspec(dllimport) public: void __thiscall sf::Shape::setOutlineThickness(float)" (__imp_?setOutlineThickness@Shape@sf@@QAEXM@Z)
KitchenStrategy.obj : error LNK2019: nierozpoznany symbol zewnętrzny "__declspec(dllimport) public: __thiscall sf::Sprite::Sprite(class sf::Texture const &)" (__imp_??0Sprite@sf@@QAE@ABVTexture@1@@Z) przywołany w funkcji "private: void __thiscall KitchenStrategy::initializeFoodSprites(void)" (?initializeFoodSprites@KitchenStrategy@@AAEXXZ)
RoomInteraction.obj : error LNK2001: nierozpoznany symbol zewnętrzny "__declspec(dllimport) public: __thiscall sf::Sprite::Sprite(class sf::Texture const &)" (__imp_??0Sprite@sf@@QAE@ABVTexture@1@@Z)
KitchenStrategy.obj : error LNK2019: nierozpoznany symbol zewnętrzny "__declspec(dllimport) public: static class sf::Color const sf::Color::Transparent" (__imp_?Transparent@Color@sf@@2V12@B) przywołany w funkcji "public: __thiscall KitchenStrategy::KitchenStrategy(class sf::RenderWindow &)" (??0KitchenStrategy@@QAE@AAVRenderWindow@sf@@@Z)
PlayRoomStrategy.obj : error LNK2019: nierozpoznany symbol zewnętrzny "__declspec(dllimport) public: void __thiscall sf::Transformable::move(class sf::Vector2<float> const &)" (__imp_?move@Transformable@sf@@QAEXABV?$Vector2@M@2@@Z) przywołany w funkcji "private: void __thiscall PlayRoomStrategy::throwBall(class sf::RenderWindow &,class HealthBarManager &)" (?throwBall@PlayRoomStrategy@@AAEXAAVRenderWindow@sf@@AAVHealthBarManager@@@Z)
PlayRoomStrategy.obj : error LNK2019: nierozpoznany symbol zewnętrzny "__declspec(dllimport) public: class sf::Vector2<unsigned int> __thiscall sf::Texture::getSize(void)const " (__imp_?getSize@Texture@sf@@QBE?AV?$Vector2@I@2@XZ) przywołany w funkcji "public: __thiscall PlayRoomStrategy::PlayRoomStrategy(class sf::RenderWindow &)" (??0PlayRoomStrategy@@QAE@AAVRenderWindow@sf@@@Z)
RoomInteraction.obj : error LNK2019: nierozpoznany symbol zewnętrzny "__declspec(dllimport) public: __thiscall sf::CircleShape::CircleShape(float,unsigned int)" (__imp_??0CircleShape@sf@@QAE@MI@Z) przywołany w funkcji "public: void __thiscall RoomInteraction::addStain(class sf::Sprite &,int)" (?addStain@RoomInteraction@@QAEXAAVSprite@sf@@H@Z)
RoomInteraction.obj : error LNK2019: nierozpoznany symbol zewnętrzny "__declspec(dllimport) public: float __thiscall sf::CircleShape::getRadius(void)const " (__imp_?getRadius@CircleShape@sf@@QBEMXZ) przywołany w funkcji "public: void __thiscall RoomInteraction::addStain(class sf::Sprite &,int)" (?addStain@RoomInteraction@@QAEXAAVSprite@sf@@H@Z)
RoomInteraction.obj : error LNK2019: nierozpoznany symbol zewnętrzny "__declspec(dllimport) public: virtual __thiscall sf::CircleShape::~CircleShape(void)" (__imp_??1CircleShape@sf@@UAE@XZ) przywołany w funkcji "public: virtual void * __thiscall sf::CircleShape::`scalar deleting destructor'(unsigned int)" (??_GCircleShape@sf@@UAEPAXI@Z)
RoomInteraction.obj : error LNK2019: nierozpoznany symbol zewnętrzny "__declspec(dllimport) public: __thiscall sf::CircleShape::CircleShape(class sf::CircleShape const &)" (__imp_??0CircleShape@sf@@QAE@ABV01@@Z) przywołany w funkcji "class sf::CircleShape * __cdecl std::construct_at<class sf::CircleShape,class sf::CircleShape &,0>(class sf::CircleShape * const,class sf::CircleShape &)" (??$construct_at@VCircleShape@sf@@AAV12@$0A@@std@@YAPAVCircleShape@sf@@QAV12@AAV12@@Z)
RoomInteraction.obj : error LNK2019: nierozpoznany symbol zewnętrzny "__declspec(dllimport) public: __thiscall sf::CircleShape::CircleShape(class sf::CircleShape &&)" (__imp_??0CircleShape@sf@@QAE@$$QAV01@@Z) przywołany w funkcji "class sf::CircleShape * __cdecl std::construct_at<class sf::CircleShape,class sf::CircleShape,0>(class sf::CircleShape * const,class sf::CircleShape &&)" (??$construct_at@VCircleShape@sf@@V12@$0A@@std@@YAPAVCircleShape@sf@@QAV12@$$QAV12@@Z)
RoomInteraction.obj : error LNK2019: nierozpoznany symbol zewnętrzny "__declspec(dllimport) public: class sf::Sprite & __thiscall sf::Sprite::operator=(class sf::Sprite &&)" (__imp_??4Sprite@sf@@QAEAAV01@$$QAV01@@Z) przywołany w funkcji "class sf::Sprite * __cdecl std::_Move_unchecked<class sf::Sprite *,class sf::Sprite *>(class sf::Sprite *,class sf::Sprite *,class sf::Sprite *)" (??$_Move_unchecked@PAVSprite@sf@@PAV12@@std@@YAPAVSprite@sf@@PAV12@00@Z)
RoomInteraction.obj : error LNK2001: nierozpoznany symbol zewnętrzny "private: virtual void __thiscall sf::Shape::draw(class sf::RenderTarget &,class sf::RenderStates)const " (?draw@Shape@sf@@EBEXAAVRenderTarget@2@VRenderStates@2@@Z)
RoomInteraction.obj : error LNK2001: nierozpoznany symbol zewnętrzny "public: virtual unsigned int __thiscall sf::CircleShape::getPointCount(void)const " (?getPointCount@CircleShape@sf@@UBEIXZ)
RoomInteraction.obj : error LNK2001: nierozpoznany symbol zewnętrzny "public: virtual class sf::Vector2<float> __thiscall sf::CircleShape::getPoint(unsigned int)const " (?getPoint@CircleShape@sf@@UBE?AV?$Vector2@M@2@I@Z)
PetPal.obj : error LNK2019: nierozpoznany symbol zewnętrzny "__declspec(dllimport) public: virtual void __thiscall sf::Window::close(void)" (__imp_?close@Window@sf@@UAEXXZ) przywołany w funkcji _main
PetPal.obj : error LNK2019: nierozpoznany symbol zewnętrzny "__declspec(dllimport) public: __thiscall sf::RenderWindow::RenderWindow(class sf::VideoMode,class sf::String const &,unsigned int,struct sf::ContextSettings const &)" (__imp_??0RenderWindow@sf@@QAE@VVideoMode@1@ABVString@1@IABUContextSettings@1@@Z) przywołany w funkcji _main
PetPal.obj : error LNK2019: nierozpoznany symbol zewnętrzny "__declspec(dllimport) public: virtual __thiscall sf::RenderWindow::~RenderWindow(void)" (__imp_??1RenderWindow@sf@@UAE@XZ) przywołany w funkcji _main
PetPal.obj : error LNK2019: nierozpoznany symbol zewnętrzny "__declspec(dllimport) public: virtual class sf::Vector2<unsigned int> __thiscall sf::RenderWindow::getSize(void)const " (__imp_?getSize@RenderWindow@sf@@UBE?AV?$Vector2@I@2@XZ) przywołany w funkcji _main
C:\Users\olani\Desktop\SFML-2.6.1\lib\sfml-graphics-d.lib : warning LNK4272: wystąpił konflikt typu maszyny biblioteki „x64” z typem maszyny docelowej „x86”
C:\Users\olani\Desktop\SFML-2.6.1\lib\sfml-window-d.lib : warning LNK4272: wystąpił konflikt typu maszyny biblioteki „x64” z typem maszyny docelowej „x86”
C:\Users\olani\Desktop\SFML-2.6.1\lib\sfml-audio-d.lib : warning LNK4272: wystąpił konflikt typu maszyny biblioteki „x64” z typem maszyny docelowej „x86”
C:\Users\olani\Desktop\SFML-2.6.1\lib\sfml-network-d.lib : warning LNK4272: wystąpił konflikt typu maszyny biblioteki „x64” z typem maszyny docelowej „x86”
C:\Users\olani\Desktop\SFML-2.6.1\lib\sfml-system-d.lib : warning LNK4272: wystąpił konflikt typu maszyny biblioteki „x64” z typem maszyny docelowej „x86”
C:\Users\olani\Desktop\wszystko\Uczelnia\pk4\git\Projekt\PetPal\Debug\PetPal.exe : fatal error LNK1120: liczba nierozpoznanych elementów zewnętrznych: 85
